[debug] [2024-05-29T13:07:27.680Z] ----------------------------------------------------------------------
[debug] [2024-05-29T13:07:27.684Z] Command:       C:\Program Files\nodejs\node.exe C:\Program Files\nodejs\node_modules\firebase-tools\lib\bin\firebase.js deploy
[debug] [2024-05-29T13:07:27.684Z] CLI Version:   13.10.2
[debug] [2024-05-29T13:07:27.685Z] Platform:      win32
[debug] [2024-05-29T13:07:27.685Z] Node Version:  v18.15.0
[debug] [2024-05-29T13:07:27.686Z] Time:          Wed May 29 2024 09:07:27 GMT-0400 (hora estándar de Paraguay)
[debug] [2024-05-29T13:07:27.686Z] ----------------------------------------------------------------------
[debug] 
[debug] [2024-05-29T13:07:27.783Z] > command requires scopes: ["email","openid","https://www.googleapis.com/auth/cloudplatformprojects.readonly","https://www.googleapis.com/auth/firebase","https://www.googleapis.com/auth/cloud-platform"]
[debug] [2024-05-29T13:07:27.783Z] > authorizing via signed-in user (bandrock2806@gmail.com)
[debug] [2024-05-29T13:07:27.784Z] [iam] checking project ecommerce-9e7cc for permissions ["firebase.projects.get","firebasehosting.sites.update"]
[debug] [2024-05-29T13:07:27.787Z] >>> [apiv2][query] POST https://cloudresourcemanager.googleapis.com/v1/projects/ecommerce-9e7cc:testIamPermissions [none]
[debug] [2024-05-29T13:07:27.787Z] >>> [apiv2][(partial)header] POST https://cloudresourcemanager.googleapis.com/v1/projects/ecommerce-9e7cc:testIamPermissions x-goog-quota-user=projects/ecommerce-9e7cc
[debug] [2024-05-29T13:07:27.788Z] >>> [apiv2][body] POST https://cloudresourcemanager.googleapis.com/v1/projects/ecommerce-9e7cc:testIamPermissions {"permissions":["firebase.projects.get","firebasehosting.sites.update"]}
[debug] [2024-05-29T13:07:28.514Z] <<< [apiv2][status] POST https://cloudresourcemanager.googleapis.com/v1/projects/ecommerce-9e7cc:testIamPermissions 200
[debug] [2024-05-29T13:07:28.515Z] <<< [apiv2][body] POST https://cloudresourcemanager.googleapis.com/v1/projects/ecommerce-9e7cc:testIamPermissions {"permissions":["firebase.projects.get","firebasehosting.sites.update"]}
[debug] [2024-05-29T13:07:28.516Z] >>> [apiv2][query] GET https://firebase.googleapis.com/v1beta1/projects/ecommerce-9e7cc [none]
[debug] [2024-05-29T13:07:29.071Z] <<< [apiv2][status] GET https://firebase.googleapis.com/v1beta1/projects/ecommerce-9e7cc 200
[debug] [2024-05-29T13:07:29.072Z] <<< [apiv2][body] GET https://firebase.googleapis.com/v1beta1/projects/ecommerce-9e7cc {"projectId":"ecommerce-9e7cc","projectNumber":"611837136539","displayName":"Ecommerce","name":"projects/ecommerce-9e7cc","resources":{"hostingSite":"ecommerce-9e7cc","realtimeDatabaseInstance":"ecommerce-9e7cc-default-rtdb"},"state":"ACTIVE","etag":"1_762cf6a2-4891-495d-b3fc-d7bfcab2935d"}
[debug] [2024-05-29T13:07:36.141Z] >>> [apiv2][query] GET https://firebasehosting.googleapis.com/v1beta1/projects/ecommerce-9e7cc/sites pageToken=&pageSize=10
[debug] [2024-05-29T13:07:36.981Z] <<< [apiv2][status] GET https://firebasehosting.googleapis.com/v1beta1/projects/ecommerce-9e7cc/sites 200
[debug] [2024-05-29T13:07:36.981Z] <<< [apiv2][body] GET https://firebasehosting.googleapis.com/v1beta1/projects/ecommerce-9e7cc/sites {"sites":[{"name":"projects/ecommerce-9e7cc/sites/ecommerce-9e7cc","defaultUrl":"https://ecommerce-9e7cc.web.app","type":"DEFAULT_SITE"}]}
[debug] [2024-05-29T13:07:36.982Z] >>> [apiv2][query] GET https://firebasehosting.googleapis.com/v1beta1/projects/ecommerce-9e7cc/sites 
[debug] [2024-05-29T13:07:37.733Z] <<< [apiv2][status] GET https://firebasehosting.googleapis.com/v1beta1/projects/ecommerce-9e7cc/sites 200
[debug] [2024-05-29T13:07:37.734Z] <<< [apiv2][body] GET https://firebasehosting.googleapis.com/v1beta1/projects/ecommerce-9e7cc/sites {"sites":[{"name":"projects/ecommerce-9e7cc/sites/ecommerce-9e7cc","defaultUrl":"https://ecommerce-9e7cc.web.app","type":"DEFAULT_SITE"}]}
[debug] [2024-05-29T13:07:37.734Z] >>> [apiv2][query] GET https://firebase.googleapis.com/v1beta1/projects/ecommerce-9e7cc/webApps/-/config [none]
[debug] [2024-05-29T13:07:38.415Z] <<< [apiv2][status] GET https://firebase.googleapis.com/v1beta1/projects/ecommerce-9e7cc/webApps/-/config 200
[debug] [2024-05-29T13:07:38.415Z] <<< [apiv2][body] GET https://firebase.googleapis.com/v1beta1/projects/ecommerce-9e7cc/webApps/-/config {"projectId":"ecommerce-9e7cc","appId":"1:611837136539:web:6f7704f8967220882b403e","databaseURL":"https://ecommerce-9e7cc-default-rtdb.europe-west1.firebasedatabase.app","storageBucket":"ecommerce-9e7cc.appspot.com","apiKey":"AIzaSyAFTwRhVGBSOs75rQ5xH2Rfe4OPnL8mB2s","authDomain":"ecommerce-9e7cc.firebaseapp.com","messagingSenderId":"611837136539","measurementId":"G-0KK1FTSE68"}
[info] 
   Thank you for trying our experimental support for Vite on Firebase Hosting.
   While this integration is maintained by Googlers it is not a supported Firebase product.
   Issues filed on GitHub will be addressed on a best-effort basis by maintainers and other community members.

   Documentation: https://firebase.google.com/docs/hosting/frameworks/frameworks-overview
   File a bug: https://github.com/firebase/firebase-tools/issues/new?template=bug_report.md
   Submit a feature request: https://github.com/firebase/firebase-tools/issues/new?template=feature_request.md

   We'd love to learn from you. Express your interest in helping us shape the future of Firebase Hosting: https://goo.gle/41enW5X

[debug] [2024-05-29T13:08:12.387Z] RollupError: Could not resolve entry module "index.html".
    at getRollupError (file:///C:/Users/Usuario/Desktop/Ecommerce/node_modules/rollup/dist/es/shared/parseAst.js:392:41)
    at error (file:///C:/Users/Usuario/Desktop/Ecommerce/node_modules/rollup/dist/es/shared/parseAst.js:388:42)
    at ModuleLoader.loadEntryModule (file:///C:/Users/Usuario/Desktop/Ecommerce/node_modules/rollup/dist/es/shared/node-entry.js:18960:20)
    at async Promise.all (index 0)
[error] 
[error] Error: An unexpected error has occurred.
[debug] [2024-05-29T13:09:10.035Z] ----------------------------------------------------------------------
[debug] [2024-05-29T13:09:10.037Z] Command:       C:\Program Files\nodejs\node.exe C:\Program Files\nodejs\node_modules\firebase-tools\lib\bin\firebase.js deploy
[debug] [2024-05-29T13:09:10.037Z] CLI Version:   13.10.2
[debug] [2024-05-29T13:09:10.038Z] Platform:      win32
[debug] [2024-05-29T13:09:10.038Z] Node Version:  v18.15.0
[debug] [2024-05-29T13:09:10.039Z] Time:          Wed May 29 2024 09:09:10 GMT-0400 (hora estándar de Paraguay)
[debug] [2024-05-29T13:09:10.039Z] ----------------------------------------------------------------------
[debug] 
[debug] [2024-05-29T13:09:10.119Z] > command requires scopes: ["email","openid","https://www.googleapis.com/auth/cloudplatformprojects.readonly","https://www.googleapis.com/auth/firebase","https://www.googleapis.com/auth/cloud-platform"]
[debug] [2024-05-29T13:09:10.119Z] > authorizing via signed-in user (bandrock2806@gmail.com)
[debug] [2024-05-29T13:09:10.120Z] [iam] checking project ecommerce-9e7cc for permissions ["firebase.projects.get","firebasehosting.sites.update"]
[debug] [2024-05-29T13:09:10.122Z] >>> [apiv2][query] POST https://cloudresourcemanager.googleapis.com/v1/projects/ecommerce-9e7cc:testIamPermissions [none]
[debug] [2024-05-29T13:09:10.123Z] >>> [apiv2][(partial)header] POST https://cloudresourcemanager.googleapis.com/v1/projects/ecommerce-9e7cc:testIamPermissions x-goog-quota-user=projects/ecommerce-9e7cc
[debug] [2024-05-29T13:09:10.123Z] >>> [apiv2][body] POST https://cloudresourcemanager.googleapis.com/v1/projects/ecommerce-9e7cc:testIamPermissions {"permissions":["firebase.projects.get","firebasehosting.sites.update"]}
[debug] [2024-05-29T13:09:10.704Z] <<< [apiv2][status] POST https://cloudresourcemanager.googleapis.com/v1/projects/ecommerce-9e7cc:testIamPermissions 200
[debug] [2024-05-29T13:09:10.705Z] <<< [apiv2][body] POST https://cloudresourcemanager.googleapis.com/v1/projects/ecommerce-9e7cc:testIamPermissions {"permissions":["firebase.projects.get","firebasehosting.sites.update"]}
[debug] [2024-05-29T13:09:10.706Z] >>> [apiv2][query] GET https://firebase.googleapis.com/v1beta1/projects/ecommerce-9e7cc [none]
[debug] [2024-05-29T13:09:11.117Z] <<< [apiv2][status] GET https://firebase.googleapis.com/v1beta1/projects/ecommerce-9e7cc 200
[debug] [2024-05-29T13:09:11.117Z] <<< [apiv2][body] GET https://firebase.googleapis.com/v1beta1/projects/ecommerce-9e7cc {"projectId":"ecommerce-9e7cc","projectNumber":"611837136539","displayName":"Ecommerce","name":"projects/ecommerce-9e7cc","resources":{"hostingSite":"ecommerce-9e7cc","realtimeDatabaseInstance":"ecommerce-9e7cc-default-rtdb"},"state":"ACTIVE","etag":"1_762cf6a2-4891-495d-b3fc-d7bfcab2935d"}
[debug] [2024-05-29T13:09:17.647Z] >>> [apiv2][query] GET https://firebasehosting.googleapis.com/v1beta1/projects/ecommerce-9e7cc/sites pageToken=&pageSize=10
[debug] [2024-05-29T13:09:18.378Z] <<< [apiv2][status] GET https://firebasehosting.googleapis.com/v1beta1/projects/ecommerce-9e7cc/sites 200
[debug] [2024-05-29T13:09:18.378Z] <<< [apiv2][body] GET https://firebasehosting.googleapis.com/v1beta1/projects/ecommerce-9e7cc/sites {"sites":[{"name":"projects/ecommerce-9e7cc/sites/ecommerce-9e7cc","defaultUrl":"https://ecommerce-9e7cc.web.app","appId":"1:611837136539:web:6f7704f8967220882b403e","type":"DEFAULT_SITE"}]}
[debug] [2024-05-29T13:09:18.379Z] >>> [apiv2][query] GET https://firebase.googleapis.com/v1beta1/projects/-/webApps/1:611837136539:web:6f7704f8967220882b403e/config [none]
[debug] [2024-05-29T13:09:19.044Z] <<< [apiv2][status] GET https://firebase.googleapis.com/v1beta1/projects/-/webApps/1:611837136539:web:6f7704f8967220882b403e/config 200
[debug] [2024-05-29T13:09:19.045Z] <<< [apiv2][body] GET https://firebase.googleapis.com/v1beta1/projects/-/webApps/1:611837136539:web:6f7704f8967220882b403e/config {"projectId":"ecommerce-9e7cc","appId":"1:611837136539:web:6f7704f8967220882b403e","databaseURL":"https://ecommerce-9e7cc-default-rtdb.europe-west1.firebasedatabase.app","storageBucket":"ecommerce-9e7cc.appspot.com","apiKey":"AIzaSyAFTwRhVGBSOs75rQ5xH2Rfe4OPnL8mB2s","authDomain":"ecommerce-9e7cc.firebaseapp.com","messagingSenderId":"611837136539","measurementId":"G-0KK1FTSE68"}
[info] 
   Thank you for trying our experimental support for Vite on Firebase Hosting.
   While this integration is maintained by Googlers it is not a supported Firebase product.
   Issues filed on GitHub will be addressed on a best-effort basis by maintainers and other community members.

   Documentation: https://firebase.google.com/docs/hosting/frameworks/frameworks-overview
   File a bug: https://github.com/firebase/firebase-tools/issues/new?template=bug_report.md
   Submit a feature request: https://github.com/firebase/firebase-tools/issues/new?template=feature_request.md

   We'd love to learn from you. Express your interest in helping us shape the future of Firebase Hosting: https://goo.gle/41enW5X

[debug] [2024-05-29T13:09:50.321Z] RollupError: Could not resolve entry module "index.html".
    at getRollupError (file:///C:/Users/Usuario/Desktop/Ecommerce/node_modules/rollup/dist/es/shared/parseAst.js:392:41)
    at error (file:///C:/Users/Usuario/Desktop/Ecommerce/node_modules/rollup/dist/es/shared/parseAst.js:388:42)
    at ModuleLoader.loadEntryModule (file:///C:/Users/Usuario/Desktop/Ecommerce/node_modules/rollup/dist/es/shared/node-entry.js:18960:20)
    at async Promise.all (index 0)
[error] 
[error] Error: An unexpected error has occurred.
